<?xml version="1.0" encoding="UTF-8"?>
<!-- Generated by org.testng.reporters.JUnitReportReporter -->
<testsuite hostname="swapnil-PC" failures="0" tests="1" name="com.zoopla.qa.testCases.TestAgentDetailsofProperty" time="134.857" errors="0" timestamp="07 Apr 2019 20:14:03 GMT" skipped="0">
  <testcase classname="com.zoopla.qa.testCases.TestAgentDetailsofProperty" name="testAgencyDetails" time="134.857"/>
</testsuite> <!-- com.zoopla.qa.testCases.TestAgentDetailsofProperty -->
